<?xml version="1.0" encoding="UTF-8"?>
<!-- Generated by org.testng.reporters.JUnitReportReporter -->
<testsuite hostname="DESKTOP-P7OQTO0" failures="0" tests="6" name="com.adil.services.SportsClubFeesTest" time="0.156" errors="0" timestamp="2019-09-29T10:38:58 IST" skipped="0">
  <testcase classname="com.adil.services.SportsClubFeesTest" name="testMembershipFees" time="0.023"/>
  <testcase classname="com.adil.services.SportsClubFeesTest" name="testMembershipFees" time="0.014"/>
  <testcase classname="com.adil.services.SportsClubFeesTest" name="testMembershipFees" time="0.025"/>
  <testcase classname="com.adil.services.SportsClubFeesTest" name="testMembershipFees" time="0.054"/>
  <testcase classname="com.adil.services.SportsClubFeesTest" name="testMembershipFees" time="0.028"/>
  <testcase classname="com.adil.services.SportsClubFeesTest" name="testMembershipFees" time="0.012"/>
</testsuite> <!-- com.adil.services.SportsClubFeesTest -->
